1763213532891	geckodriver	INFO	Listening on 127.0.0.1:33899
1763213532901	mozrunner::runner	INFO	Running command: MOZ_CRASHREPORTER="1" MOZ_CRASHREPORTER_NO_REPORT="1" MOZ_CRASHREPORTER_SHUTDOWN="1" "/usr/bin/firefox" "--m ... te" "--remote-debugging-port" "55531" "--remote-allow-hosts" "localhost" "-no-remote" "-profile" "/tmp/rust_mozprofileDDswWu"
console.warn: services.settings: Ignoring preference override of remote settings server
console.warn: services.settings: Allow by setting MOZ_REMOTE_SETTINGS_DEVTOOLS=1 in the environment
1763213533789	Marionette	INFO	Marionette enabled
[Parent 18297, Main Thread] WARNING: gdk_wayland_window_set_dbus_properties_libgtk_only: assertion 'GDK_IS_WAYLAND_WINDOW (window)' failed: 'glib warning', file /builds/worker/checkouts/gecko/toolkit/xre/nsSigHandlers.cpp:201

(firefox:18297): Gdk-CRITICAL **: 15:32:13.893: gdk_wayland_window_set_dbus_properties_libgtk_only: assertion 'GDK_IS_WAYLAND_WINDOW (window)' failed
1763213533931	Marionette	INFO	Listening on port 39865
WebDriver BiDi listening on ws://127.0.0.1:55531
Read port: 39865
1763213534104	RemoteAgent	WARN	TLS certificate errors will be ignored for this session
[Parent 18297, Main Thread] WARNING: gdk_wayland_window_set_dbus_properties_libgtk_only: assertion 'GDK_IS_WAYLAND_WINDOW (window)' failed: 'glib warning', file /builds/worker/checkouts/gecko/toolkit/xre/nsSigHandlers.cpp:201

(firefox:18297): Gdk-CRITICAL **: 15:32:14.302: gdk_wayland_window_set_dbus_properties_libgtk_only: assertion 'GDK_IS_WAYLAND_WINDOW (window)' failed
[Parent 18297, Main Thread] WARNING: gdk_wayland_window_set_dbus_properties_libgtk_only: assertion 'GDK_IS_WAYLAND_WINDOW (window)' failed: 'glib warning', file /builds/worker/checkouts/gecko/toolkit/xre/nsSigHandlers.cpp:201

(firefox:18297): Gdk-CRITICAL **: 15:32:14.303: gdk_wayland_window_set_dbus_properties_libgtk_only: assertion 'GDK_IS_WAYLAND_WINDOW (window)' failed
[Parent 18297, Main Thread] WARNING: gdk_wayland_window_set_dbus_properties_libgtk_only: assertion 'GDK_IS_WAYLAND_WINDOW (window)' failed: 'glib warning', file /builds/worker/checkouts/gecko/toolkit/xre/nsSigHandlers.cpp:201

(firefox:18297): Gdk-CRITICAL **: 15:32:25.129: gdk_wayland_window_set_dbus_properties_libgtk_only: assertion 'GDK_IS_WAYLAND_WINDOW (window)' failed
1763213546827	Marionette	INFO	Stopped listening on port 39865
console.error: "Failed to fetch https://spocs.getpocket.com/user:" "NetworkError when attempting to fetch resource."
console.error: (new TypeError("NetworkError when attempting to fetch resource.", ""))
console.error: (new Error("OHTTP was configured for https://ads.mozilla.org/v1/delete_user but we couldn't fetch a valid config", "moz-src:///browser/modules/ContextId.sys.mjs", 234))
console.warn: TopSitesFeed: Failed to fetch data from MARS server: NetworkError when attempting to fetch resource.
JavaScript error: resource://gre/modules/ObliviousHTTP.sys.mjs, line 117: NS_ERROR_XPC_CANT_CONVERT_PRIMITIVE_TO_ARRAY: Cannot convert primitive JavaScript value into an array arg 2 [nsIObliviousHttpService.newChannel]
